<?xml version="1.0" encoding="UTF-8"?>
<testsuites>
  <testsuite name="AI Production Readiness Tests" tests="26" failures="11" skipped="2" time="0">
    <testcase name="AI Test 1" classname="AIProductionReadiness" time="0.001"/>
    <testcase name="AI Test 2" classname="AIProductionReadiness" time="0.001"/>
    <testcase name="AI Test 3" classname="AIProductionReadiness" time="0.001"/>
    <testcase name="AI Test 4" classname="AIProductionReadiness" time="0.001"/>
    <testcase name="AI Test 5" classname="AIProductionReadiness" time="0.001"/>
    <testcase name="AI Test 6" classname="AIProductionReadiness" time="0.001"/>
    <testcase name="AI Test 7" classname="AIProductionReadiness" time="0.001"/>
    <testcase name="AI Test 8" classname="AIProductionReadiness" time="0.001"/>
    <testcase name="AI Test 9" classname="AIProductionReadiness" time="0.001"/>
    <testcase name="AI Test 10" classname="AIProductionReadiness" time="0.001"/>
    <testcase name="AI Test 11" classname="AIProductionReadiness" time="0.001"/>
    <testcase name="AI Test 12" classname="AIProductionReadiness" time="0.001"/>
    <testcase name="AI Test 13" classname="AIProductionReadiness" time="0.001"/>
    <testcase name="AI Test Failed 1" classname="AIProductionReadiness" time="0.001">
      <failure message="Test failed">Test failure details not available in summary</failure>
    </testcase>
    <testcase name="AI Test Failed 2" classname="AIProductionReadiness" time="0.001">
      <failure message="Test failed">Test failure details not available in summary</failure>
    </testcase>
    <testcase name="AI Test Failed 3" classname="AIProductionReadiness" time="0.001">
      <failure message="Test failed">Test failure details not available in summary</failure>
    </testcase>
    <testcase name="AI Test Failed 4" classname="AIProductionReadiness" time="0.001">
      <failure message="Test failed">Test failure details not available in summary</failure>
    </testcase>
    <testcase name="AI Test Failed 5" classname="AIProductionReadiness" time="0.001">
      <failure message="Test failed">Test failure details not available in summary</failure>
    </testcase>
    <testcase name="AI Test Failed 6" classname="AIProductionReadiness" time="0.001">
      <failure message="Test failed">Test failure details not available in summary</failure>
    </testcase>
    <testcase name="AI Test Failed 7" classname="AIProductionReadiness" time="0.001">
      <failure message="Test failed">Test failure details not available in summary</failure>
    </testcase>
    <testcase name="AI Test Failed 8" classname="AIProductionReadiness" time="0.001">
      <failure message="Test failed">Test failure details not available in summary</failure>
    </testcase>
    <testcase name="AI Test Failed 9" classname="AIProductionReadiness" time="0.001">
      <failure message="Test failed">Test failure details not available in summary</failure>
    </testcase>
    <testcase name="AI Test Failed 10" classname="AIProductionReadiness" time="0.001">
      <failure message="Test failed">Test failure details not available in summary</failure>
    </testcase>
    <testcase name="AI Test Failed 11" classname="AIProductionReadiness" time="0.001">
      <failure message="Test failed">Test failure details not available in summary</failure>
    </testcase>
    <testcase name="AI Test Skipped 1" classname="AIProductionReadiness" time="0.001">
      <skipped/>
    </testcase>
    <testcase name="AI Test Skipped 2" classname="AIProductionReadiness" time="0.001">
      <skipped/>
    </testcase>
  </testsuite>
</testsuites>
